<?xml version="1.0" encoding="UTF-8"?>
<!-- Generated by org.testng.reporters.JUnitReportReporter -->
<testsuite hostname="TYSS-Piyush-Baldaniya" failures="0" tests="1" name="typesOfExecution.Demo2Test" time="6.715" errors="0" timestamp="2025-09-15T17:14:53 IST" skipped="0">
  <testcase classname="typesOfExecution.Demo2Test" name="case2" time="6.715"/>
</testsuite> <!-- typesOfExecution.Demo2Test -->
