<?xml version="1.0" encoding="UTF-8"?>
<!-- Generated by org.testng.reporters.JUnitReportReporter -->
<testsuite hostname="TYSS-Piyush-Baldaniya" failures="0" tests="1" name="listeners_utility.execution" time="0.016" errors="0" timestamp="2025-09-19T17:32:23 IST" skipped="0">
  <testcase classname="listeners_utility.execution" name="case1" time="0.016"/>
</testsuite> <!-- listeners_utility.execution -->
