<?xml version="1.0" encoding="UTF-8"?>
<!-- Generated by org.testng.reporters.JUnitReportReporter -->
<testsuite hostname="TYSS-Piyush-Baldaniya" failures="0" tests="1" name="typesOfExecution.Demo3Test" time="5.037" errors="0" timestamp="2025-09-16T16:21:21 IST" skipped="0">
  <testcase classname="typesOfExecution.Demo3Test" name="case3" time="5.037"/>
</testsuite> <!-- typesOfExecution.Demo3Test -->
