<?xml version="1.0" encoding="UTF-8"?>
<!-- Generated by org.testng.reporters.JUnitReportReporter -->
<testsuite hostname="TYSS-Piyush-Baldaniya" failures="0" tests="1" name="organization.CreateOrgTest" time="31.657" errors="0" timestamp="2025-09-17T17:09:05 IST" skipped="0">
  <testcase classname="organization.CreateOrgTest" name="createOrgTest" time="31.657"/>
</testsuite> <!-- organization.CreateOrgTest -->
