<?xml version="1.0" encoding="UTF-8"?>
<!-- Generated by org.testng.reporters.JUnitReportReporter -->
<testsuite hostname="TYSS-Piyush-Baldaniya" failures="0" tests="1" name="testngExtra.annotation.DemoForConfigAnn" time="0.008" errors="0" timestamp="2025-09-16T17:49:52 IST" skipped="0">
  <testcase classname="testngExtra.annotation.DemoForConfigAnn" name="conTest" time="0.008"/>
</testsuite> <!-- testngExtra.annotation.DemoForConfigAnn -->
