<?xml version="1.0" encoding="UTF-8"?>
<!-- Generated by org.testng.reporters.JUnitReportReporter -->
<testsuite hostname="TYSS-Piyush-Baldaniya" failures="0" tests="4" name="testngExtra.DemoForIgnoringTestCases" time="0.012" errors="0" timestamp="2025-09-11T17:03:01 IST" skipped="2">
  <testcase classname="testngExtra.DemoForIgnoringTestCases" name="payment" time="0.002"/>
  <testcase classname="testngExtra.DemoForIgnoringTestCases" name="login" time="0.010"/>
  <testcase classname="testngExtra.DemoForIgnoringTestCases" name="search">
    <skipped/>
  </testcase> <!-- search -->
  <testcase classname="testngExtra.DemoForIgnoringTestCases" name="addTocart">
    <skipped/>
  </testcase> <!-- addTocart -->
</testsuite> <!-- testngExtra.DemoForIgnoringTestCases -->
