<?xml version="1.0" encoding="UTF-8"?>
<!-- Generated by org.testng.reporters.JUnitReportReporter -->
<testsuite hostname="TYSS-Piyush-Baldaniya" failures="0" tests="1" name="typesOfExecution.Demo1Test" time="6.611" errors="0" timestamp="2025-09-15T17:14:53 IST" skipped="0">
  <testcase classname="typesOfExecution.Demo1Test" name="case1" time="6.611"/>
</testsuite> <!-- typesOfExecution.Demo1Test -->
