<?xml version="1.0" encoding="UTF-8"?>
<!-- Generated by org.testng.reporters.JUnitReportReporter -->
<testsuite hostname="TYSS-Piyush-Baldaniya" failures="0" tests="4" name="typesOfExecution.Demo6Test" time="27.977" errors="0" timestamp="2025-09-16T16:42:54 IST" skipped="0">
  <testcase classname="typesOfExecution.Demo6Test" name="case9" time="6.670"/>
  <testcase classname="typesOfExecution.Demo6Test" name="case8" time="6.666"/>
  <testcase classname="typesOfExecution.Demo6Test" name="case7" time="7.313"/>
  <testcase classname="typesOfExecution.Demo6Test" name="case10" time="7.328"/>
</testsuite> <!-- typesOfExecution.Demo6Test -->
