<?xml version="1.0" encoding="UTF-8"?>
<!-- Generated by org.testng.reporters.JUnitReportReporter -->
<testsuite hostname="TYSS-Piyush-Baldaniya" failures="0" tests="5" name="testngExtra.PracticeDataProvider" time="0.022" errors="0" timestamp="2025-09-12T16:43:32 IST" skipped="0">
  <testcase classname="testngExtra.PracticeDataProvider" name="case1" time="0.001"/>
  <testcase classname="testngExtra.PracticeDataProvider" name="case1" time="0.002"/>
  <testcase classname="testngExtra.PracticeDataProvider" name="case1" time="0.016"/>
  <testcase classname="testngExtra.PracticeDataProvider" name="case1" time="0.002"/>
  <testcase classname="testngExtra.PracticeDataProvider" name="case1" time="0.001"/>
</testsuite> <!-- testngExtra.PracticeDataProvider -->
