<?xml version="1.0" encoding="UTF-8"?>
<!-- Generated by org.testng.reporters.JUnitReportReporter -->
<testsuite hostname="TYSS-Piyush-Baldaniya" failures="0" tests="3" name="testngExtra.LoginFB" time="16.729" errors="0" timestamp="2025-09-11T17:21:32 IST" skipped="0">
  <testcase classname="testngExtra.LoginFB" name="logginInToFaceBook" time="5.375"/>
  <testcase classname="testngExtra.LoginFB" name="logginInToFaceBook" time="6.053"/>
  <testcase classname="testngExtra.LoginFB" name="logginInToFaceBook" time="5.301"/>
</testsuite> <!-- testngExtra.LoginFB -->
