<?xml version="1.0" encoding="UTF-8"?>
<!-- Generated by org.testng.reporters.JUnitReportReporter -->
<testsuite hostname="TYSS-Piyush-Baldaniya" failures="0" tests="1" name="typesOfExecution.Demo5Test" time="0.011" errors="0" timestamp="2025-09-15T17:44:12 IST" skipped="0">
  <testcase classname="typesOfExecution.Demo5Test" name="case7" time="0.011"/>
</testsuite> <!-- typesOfExecution.Demo5Test -->
