<?xml version="1.0" encoding="UTF-8"?>
<!-- Generated by org.testng.reporters.JUnitReportReporter -->
<testsuite hostname="TYSS-Piyush-Baldaniya" failures="0" tests="4" name="listeners_extra.JustToProve" time="12.741" errors="0" timestamp="2025-09-24T16:58:47 IST" skipped="3">
  <testcase classname="listeners_extra.JustToProve" name="amazon" time="2.090">
    <skipped/>
  </testcase> <!-- amazon -->
  <testcase classname="listeners_extra.JustToProve" name="amazon" time="1.648">
    <skipped/>
  </testcase> <!-- amazon -->
  <testcase classname="listeners_extra.JustToProve" name="amazon" time="7.052"/>
  <testcase classname="listeners_extra.JustToProve" name="amazon" time="1.951">
    <skipped/>
  </testcase> <!-- amazon -->
</testsuite> <!-- listeners_extra.JustToProve -->
