<?xml version="1.0" encoding="UTF-8"?>
<!-- Generated by org.testng.reporters.JUnitReportReporter -->
<testsuite hostname="TYSS-Piyush-Baldaniya" failures="0" tests="2" name="testngExtra.annotation.Execution" time="0.014" errors="0" timestamp="2025-09-16T17:56:04 IST" skipped="0">
  <testcase classname="testngExtra.annotation.Execution" name="conTest" time="0.010"/>
  <testcase classname="testngExtra.annotation.Execution" name="orgTest" time="0.004"/>
</testsuite> <!-- testngExtra.annotation.Execution -->
