<?xml version="1.0" encoding="UTF-8"?>
<!-- Generated by org.testng.reporters.JUnitReportReporter -->
<testsuite hostname="TYSS-Piyush-Baldaniya" failures="0" tests="1" name="listeners_extra.execution" time="0.020" errors="0" timestamp="2025-09-19T17:30:19 IST" skipped="0">
  <testcase classname="listeners_extra.execution" name="case1" time="0.020"/>
</testsuite> <!-- listeners_extra.execution -->
