<?xml version="1.0" encoding="UTF-8"?>
<!-- Generated by org.testng.reporters.JUnitReportReporter -->
<testsuite hostname="TYSS-Piyush-Baldaniya" failures="0" tests="1" name="avance_reports.Facebook" time="2.721" errors="0" timestamp="2025-09-18T17:34:37 IST" skipped="0">
  <testcase classname="avance_reports.Facebook" name="login" time="2.721"/>
</testsuite> <!-- avance_reports.Facebook -->
