<?xml version="1.0" encoding="UTF-8"?>
<!-- Generated by org.testng.reporters.JUnitReportReporter -->
<testsuite hostname="TYSS-Piyush-Baldaniya" failures="0" tests="1" name="typesOfExecution.Demo7" time="0.023" errors="0" timestamp="2025-09-16T17:05:10 IST" skipped="0">
  <testcase classname="typesOfExecution.Demo7" name="case7" time="0.023"/>
</testsuite> <!-- typesOfExecution.Demo7 -->
