<?xml version="1.0" encoding="UTF-8"?>
<!-- Generated by org.testng.reporters.JUnitReportReporter -->
<testsuite hostname="TYSS-Piyush-Baldaniya" failures="0" tests="1" name="testngExtra.annotation.Execution" time="0.009" errors="0" timestamp="2025-09-17T16:18:36 IST" skipped="0">
  <testcase classname="testngExtra.annotation.Execution" name="orgTest" time="0.009"/>
</testsuite> <!-- testngExtra.annotation.Execution -->
