<?xml version="1.0" encoding="UTF-8"?>
<!-- Generated by org.testng.reporters.JUnitReportReporter -->
<testsuite hostname="TYSS-Piyush-Baldaniya" failures="0" tests="3" name="testngExtra.LoginFB" time="13.768" errors="0" timestamp="2025-09-12T16:19:32 IST" skipped="0">
  <testcase classname="testngExtra.LoginFB" name="logginInToFaceBook" time="4.243"/>
  <testcase classname="testngExtra.LoginFB" name="logginInToFaceBook" time="5.334"/>
  <testcase classname="testngExtra.LoginFB" name="logginInToFaceBook" time="4.191"/>
</testsuite> <!-- testngExtra.LoginFB -->
