<?xml version="1.0" encoding="UTF-8"?>
<!-- Generated by org.testng.reporters.JUnitReportReporter -->
<testsuite hostname="TYSS-Piyush-Baldaniya" failures="0" tests="2" name="typesOfExecution.Demo4Test" time="0.002" errors="0" timestamp="2025-09-15T17:44:12 IST" skipped="0">
  <testcase classname="typesOfExecution.Demo4Test" name="case6" time="0.001"/>
  <testcase classname="typesOfExecution.Demo4Test" name="case5" time="0.001"/>
</testsuite> <!-- typesOfExecution.Demo4Test -->
