<?xml version="1.0" encoding="UTF-8"?>
<!-- Generated by org.testng.reporters.JUnitReportReporter -->
<testsuite hostname="TYSS-Piyush-Baldaniya" failures="0" tests="4" name="testngExtra.Demo1" time="0.019" errors="0" timestamp="2025-09-11T16:37:35 IST" skipped="0">
  <testcase classname="testngExtra.Demo1" name="login" time="0.010"/>
  <testcase classname="testngExtra.Demo1" name="search" time="0.002"/>
  <testcase classname="testngExtra.Demo1" name="addTocart" time="0.005"/>
  <testcase classname="testngExtra.Demo1" name="payment" time="0.002"/>
</testsuite> <!-- testngExtra.Demo1 -->
