<?xml version="1.0" encoding="UTF-8"?>
<!-- Generated by org.testng.reporters.JUnitReportReporter -->
<testsuite hostname="TYSS-Piyush-Baldaniya" failures="0" tests="1" name="testngExtra.Demo1" time="0.012" errors="0" timestamp="2025-09-10T17:05:10 IST" skipped="0">
  <testcase classname="testngExtra.Demo1" name="case1" time="0.012">
    <system-out>
      <![CDATA[Hey there !!! Please go elsewhere....]]>
    </system-out>
  </testcase> <!-- case1 -->
  <system-out>
    <![CDATA[Hey there !!! Please go elsewhere....]]>
  </system-out>
</testsuite> <!-- testngExtra.Demo1 -->
